[2021-06-16 18:36:09,039] INFO Reading configuration from: .\config\zookeeper.properties (org.apache.zookeeper.server.quorum.QuorumPeerConfig)
[2021-06-16 18:36:09,044] ERROR Invalid config, exiting abnormally (org.apache.zookeeper.server.quorum.QuorumPeerMain)
org.apache.zookeeper.server.quorum.QuorumPeerConfig$ConfigException: Error processing .\config\zookeeper.properties
	at org.apache.zookeeper.server.quorum.QuorumPeerConfig.parse(QuorumPeerConfig.java:156)
	at org.apache.zookeeper.server.quorum.QuorumPeerMain.initializeAndRun(QuorumPeerMain.java:113)
	at org.apache.zookeeper.server.quorum.QuorumPeerMain.main(QuorumPeerMain.java:82)
Caused by: java.lang.IllegalArgumentException: .\config\zookeeper.properties file is missing
	at org.apache.zookeeper.server.util.VerifyingFileFactory.doFailForNonExistingPath(VerifyingFileFactory.java:51)
	at org.apache.zookeeper.server.util.VerifyingFileFactory.validate(VerifyingFileFactory.java:45)
	at org.apache.zookeeper.server.util.VerifyingFileFactory.create(VerifyingFileFactory.java:40)
	at org.apache.zookeeper.server.quorum.QuorumPeerConfig.parse(QuorumPeerConfig.java:141)
	... 2 more
[2021-06-16 18:38:28,707] INFO Reading configuration from: .\config\zookeeper.properties (org.apache.zookeeper.server.quorum.QuorumPeerConfig)
[2021-06-16 18:38:28,709] ERROR Invalid config, exiting abnormally (org.apache.zookeeper.server.quorum.QuorumPeerMain)
org.apache.zookeeper.server.quorum.QuorumPeerConfig$ConfigException: Error processing .\config\zookeeper.properties
	at org.apache.zookeeper.server.quorum.QuorumPeerConfig.parse(QuorumPeerConfig.java:156)
	at org.apache.zookeeper.server.quorum.QuorumPeerMain.initializeAndRun(QuorumPeerMain.java:113)
	at org.apache.zookeeper.server.quorum.QuorumPeerMain.main(QuorumPeerMain.java:82)
Caused by: java.lang.IllegalArgumentException: .\config\zookeeper.properties file is missing
	at org.apache.zookeeper.server.util.VerifyingFileFactory.doFailForNonExistingPath(VerifyingFileFactory.java:51)
	at org.apache.zookeeper.server.util.VerifyingFileFactory.validate(VerifyingFileFactory.java:45)
	at org.apache.zookeeper.server.util.VerifyingFileFactory.create(VerifyingFileFactory.java:40)
	at org.apache.zookeeper.server.quorum.QuorumPeerConfig.parse(QuorumPeerConfig.java:141)
	... 2 more
[2021-06-16 18:39:09,393] INFO Reading configuration from: kafka\bin\config\zookeeper.properties (org.apache.zookeeper.server.quorum.QuorumPeerConfig)
[2021-06-16 18:39:09,394] WARN kafka\bin\config\zookeeper.properties is relative. Prepend .\ to indicate that you're sure! (org.apache.zookeeper.server.quorum.QuorumPeerConfig)
[2021-06-16 18:39:09,396] ERROR Invalid config, exiting abnormally (org.apache.zookeeper.server.quorum.QuorumPeerMain)
org.apache.zookeeper.server.quorum.QuorumPeerConfig$ConfigException: Error processing kafka\bin\config\zookeeper.properties
	at org.apache.zookeeper.server.quorum.QuorumPeerConfig.parse(QuorumPeerConfig.java:156)
	at org.apache.zookeeper.server.quorum.QuorumPeerMain.initializeAndRun(QuorumPeerMain.java:113)
	at org.apache.zookeeper.server.quorum.QuorumPeerMain.main(QuorumPeerMain.java:82)
Caused by: java.lang.IllegalArgumentException: kafka\bin\config\zookeeper.properties file is missing
	at org.apache.zookeeper.server.util.VerifyingFileFactory.doFailForNonExistingPath(VerifyingFileFactory.java:51)
	at org.apache.zookeeper.server.util.VerifyingFileFactory.validate(VerifyingFileFactory.java:45)
	at org.apache.zookeeper.server.util.VerifyingFileFactory.create(VerifyingFileFactory.java:40)
	at org.apache.zookeeper.server.quorum.QuorumPeerConfig.parse(QuorumPeerConfig.java:141)
	... 2 more
